1NmzEJJA1udZlXYQJnlfOsyPsNsEQouveVUnZWsB6jmvUyohOXxXejLLqfzZTZWvFooCNKwL9m5vqhbqJ1lN5MtxgE4hamYBQsW1fqv5iWxc0pFnFD8qCfcyVxRKVuTDkdE0BFEBYpgB4wi4USGMNPYBKQKcxYDiDMVTKSXD20azC4LEfQj9bOn/mRszBTwikZvZAFLHnn+DnaGzxA==
ZLN35nP6KHmmGVajEeus/UHglfGistAqt5+9qMRZGnPgrf7JxP19vbRx3LRLhwE+ttKQsj/I7A1mT/kxNoK0i7UFh2yukJ+scFPokG8H0RdtoOCeVAEAMS8uu6Wc0r/vDKYBscgK50kImVsI6q/Lneb79zoJDjXuCuzBc3wellCYbn0Ai8ijWX5eYRhIAeljW5SPqLPP
qX3UNd5+0ecefKH5yuhhutnN8LvYFm3XBpeqlxogxT4QTQ5q35gsbjrTeu1QgwDW4/hOhj0w2g1PNllZBoNcwD0pCH7hiNlwdpTgV/4Q6KqGVuBD1SqDbr0fBVaesmb/Fv73BlDZBGkzHm3Vj3RqvgfXQvMcERF+8ZTsGgLbpx1itMdtVIAHz87Y143K7MBt/7IKSTa66sl16YNPPR6FB5T0q2RLtK/Tn3v1qbq6J/fPMAQLKOdl0Yez4g==
xbuI3dRZLIVbUOfYOVOFn8YNp6B5EesPRGIlYSpzpJvRL0zvWDffMJ3cHnzk6P8OID8+Md0bxpSIib0Lk5aOtvP+SI0sWj9xjbWFTlQE1IeMw7eQ388sBEMtROhViyjsy1twh18C+pnX/87VA+BJSHlc0hJl2QyIKtIQ4Ol6K25Pi8YAJVKY9zVBM/q7srPJ
bCN2CbLBXgPDMlE0lc2fu2mcSMmRHGDm0bzj65BnnWLY4Itv/Pu5/EInZFcJCzzzUMr+HOWYzoBMfH+CuNuObZUvJniwja03e0LO+qtauBGkLp/ddXHVMnwQ1IuUp4dMF3tMaPup1FQ93+ggE38Am1f22rWvux4pq3TJxOG4Yk4t7exkEtYA3AGuayIXLzacrSY4W82FY4aTprPF
4VtXyfJYzjOjx0EoIM8agWmcSMmRHGDm0bzj65BnnWLY8YNh+vS4rkInZFcJCzzzUMv+HOWYzoBMfH+CuNuObZUvJniwja03e0LO+qtauBGkLp/ddXHVMnwQ1IuUp4dMF3tMaPup1FQ93+ggE38Am1f22rWvux4pq3TJxOG4Yk4t7exkEtYA3AGuayIXLzacrSY4W82FY4aTprPF
3WNX7wZTNmP0E8rW/QhpaAoo0F+zgwSiyEcAZZhFIGHqacx+ocjoRSl4sDq9mO2ByKcmHBFlpmpQkfyyalOku5GPzE8YHN4Q3Xye3KTI/y5gn76RnTvGtMgpPavTto6Ws17ILWx6P1HNFQXuFCTUp8xjNzCf7ywkA43ESBWrKMyL+/AnHyL6uZdfTnVDwEloOfxSsiX5DKhqcpBAqVorTg8rRqBlcpjXdeGzWvuSs+k=
iRWgVgUQzzMFeXArARDP1Vfxbkae5GVbP3V+Su8I9wAZNak+KHgdMJaUwJeekAjqoFaDAzWqI67dH+UWPjIGP/b+18YwWeQpEx4NFS/0yn5n12KzvJFxvtGUzNpiWwddQrSnrfQApw+u2PfNKmygrd+y6olWOkqJlenjj52eZUf09IskqzTPE797FekaOoe3LzAky4hnhZGns8I=
J/FS1gZpOeh+J/bGFE7ZXIvE0DpEYAfNgUFw6tql5cLuV3ce/MRoqLWqPGIKY6SrsX+MH/iqXoB9DF4MxPj/PkBv/sF9i0YkaFn9e7OGjoaTroh9jMq/wW1lxT50FNS37JN3YH9frLSj/QSYdZso3KsLsHf/knopNy+OpSPwSXgZDBLixUmMOMoCUJDJaiteL9sG8IXCGEfVkXOKm6Kz+Q==
eHIuIQDOb5aSRB7OnGZdL5GcussYSoj8Y1c5dXhG9hqvXipOXxI+YDvcsPTme7jIXsZQZvVP43Jl4hvfI1p46tBzgE4hamYBQsW1fqv5iWxc0pFnFD8qCfcyVxRKVuTDkdE0BFEBYpgB4wi4USGMNPYBKQKcxYDiDMVTKSXD20azC4LEfQj9bOn/mRszBTwikZvZAFLHnn+DnaGzxA==
DA38QNhNywCSCEy9630Xi7GpUPLKreX6nn+XxrOG5gJAiZz6muskE0HX7EcoYB74TeR+FNTw/wYwRx4ZLcOG3NgxXeMjDg4+YwboJVwC/7ldjeUmZBzUj5y7l7gvF2xME5WkAOUTqGRbo9AvL1o6UQfHrr0z+ElAaSTyOpUBTMB6avAIWeKr5t9zZqhVClg/5XlTkouqs8E=
XGQo/ETEcfmz+ISpznAIv31jZBSibTLWKnu825eK1EAeFEgn9vCwGnkX+1PtSgu+1R/tBhZSXu8OPo+2iLkMmZueheWHVLLOvxda4+Sxma7ZlMTKintfDXp0fx2MoA//Jlh/fcKMGN2HchJZDlpimZ3p65+1fr0XjLRT1BNUp6M3+52Zspp/B3dwHBtQR+2Br7PK
nPz9h4CS8jdOJ1P5DtNv1W0J+rOTzx2lTHD6tKo50oOjhPyYuR4rG6jaVN/YDQwWMp/k73mz3Esgdj8klaAuuDxEf7rI425V5RfmwMA1TY8L+k5C2+JYqdSWX+UFSTUKDCjUs+SfZ3RnQ4zQixE07E1naJhjx+AjJ04ajd+D/hHbTMn8kYCCdl3VLNxibuBkcRbrmmeX1iTdnvhjvb2DvuOes/0=
ieZypVisKy5yzQaq3vOSQMj1kg4F52rXZ9n4GJM2u14AMRhoGTudr5UupdxWQpaAo0wodH7rIGg2lpmnvX8LUh3S499baoDKuENIDmm6jqHaVS3+M2kRDPQCWSdczwJpz8JvFHKm3KO5IXxEmdHK+JlzkDjJsRSUHtFhQlT16ML09Ssp3fOjZls7ygS1WJXMcW8Bm6uVpMI5y5HAmre2n7vtmbP8
+Cxhwx3PkCMiXjyiokpPKFvwYkuHpSwTIGInR6NXqlIbLOg+KHgdMJaUwJeekAjqp1eDAzWqI67dH+UWPjIGP/b+18YwWeQpEx4NFS/0yn5n12KzvJFxvtGUzNpiWwddQrSnrfQApw+u2PfNKmygrd+y6olWOkqJlenjj52eZUf09IskqzTPE797FekaOoe3LzAky4hnhZGns8I=
hwYuqjzz5ZtfHXHG+bcCHpU7oYFr9bWs4lnZ7zATZmglL0STcdATaVVqcatJ+GjOnlS0KSnZcZz1SxXPA94cuQUZYe3AeZTjyAzXsG3mxX/U9mb4n2WZKnm5/kNer0csCeyQ65L0Rup2vmv/wwSsNHqjrBjK7n/HWGfXwtHaJ18fYsxa5Fss7g1C8lFWnSk+t6EdPEi6fQf4V955A0qrFLYuELNludhkvWl2yJW7FPjNeZhkYikFojDttFK4/W+pGftv9ocjLmRRIGm8/ScF2y/dqPKFc7XgPi/qj/dl3bO4
df9A6aBVOv5v5RVq29YiXL3qrBc777/jTzsviLZftASSXN6Xot22mbZeTznGeSL3ZHgTpvrbJCMh5yz3SN6fSS1UviS0wP82UHfeqU1zBmy4gZ3TQz4ODgM2KJU8sn8JPT0lFgQs1L/8i1cIT6fs/HMlZDCFI6hUO5MQn0/quuFnd26NU8hJcAkUMor1scxwGtowODnSq9a/Q6YYNbrYj4XJk6LrmrPx
9O68sYZbIe7a7+O9N6biRUla+4io2wpegvRpWzljaBbuEfVKfRMEUhodo/jS1ARf0uC0Eg40JpupOq8mWZ9hnrKimqdSHnO+jKkoYVfeyV1jxDZGA/eGq6CBfbbVlMjSbksbRaaUw5UIMOtHahizheacHNV7Uk4RyqrGARFpZwcRDvnfUJQv3BdEg9t7O1Eh1gr7j8sQQNOUd4mZo7PG
BeExjqwRI6+POP393l1+1z3w7QE6kpih6f+bZbo8qJKic/HLwfSmBQQxJfEEnQQZKCSZ0gZeCD6/RHSB1qNhnVYubGcFSd+gblzH4EC/MLwPK8n7Xaz4klQNGD0fwqOJ/P5nAzzqWX0Ixr8FuHWDpIoDU3FWd2+2iYKtYroAWd8csk68KCIlzEsE+xVOsrk0KC3xj2uYl6Szww==
p+ZX5MCwESpL8cD4CF1QUIv4PkYG/UgbFHQOUURlDRUUmQwOCPBRFlY6oKo/0NzlhmepSXY6ZGMVrff0LghvBNA7uCiv/wE/DcjQhlQZMFlPBmtdXGrvh6wO8SlIkpfhqHGLsKrXm7UGE8ciCRYFBurEkQs8pka4OMYNmAtQU/HeNjGgiPk5Szv8v7Cz1w==
g3CQv3E0i4LimUkYLxqW4H+k7p1g2o6g6/zA9NabaIgupubga++zMlUCC98zOkgqANMQzpGKlsESpYV+W9nZLOxyYeeEX3rJBxJHFFp2FAPBsaSEoaHS2FHD+LhhQdz0BuGZggxlUCI8pUMpNSPrBuOrEkTNaI0sOR+pG0Ml7OIhO6mAwidOP/O9sbPU
Ui4URBETvAaBXysMLan5yIn4PlcE60wbFHQOUURlDRUUmQwICPBRFlY6oKo/0NzlhmepSXY6ZGMVrff0LghvBNA7uCiv/wE/DcjQhlQZMFlPBmtdXGrvh6wO8SlIkpfhqHGLsKrXm7UGE8ciCRYFBurEkQs8pka4OMYNmAtQU/HeNjGgiPk5Szv8v7Cz1w==
dPb5zacOmTLzmAOngG5ANH+k6It8x46g6/zA9NabaIgupuDga++zMlUCC98zOkgqANMQzpGKlsESpYV+W9nZLOxyYeeEX3rJBxJHFFp2FAPBsaSEoaHS2FHD+LhhQdz0BuGZggxlUCI8pUMpNSPrBuOrEkTNaI0sOR+pG0Ml7OIhO6mAwidOP/O9sbPU
YR9BgXyaL344uy/mfdaxdH+k6Z1uwo6g6/zA9NabaIgupuPga++zMlUCC98zOkgqANMQzpGKlsESpYV+W9nZLOxyYeeEX3rJBxJHFFp2FAPBsaSEoaHS2FHD+LhhQdz0BuGZggxlUCI8pUMpNSPrBuOrEkTNaI0sOR+pG0Ml7OIhO6mAwidOP/O9sbPU
gEdOwPbWsDxhDHQWM0QZ200xE+6JmXvuOZRFbYlczSDdiLKV/5fiQXsAxzhT3otsJnzeucQNXc30oXwnzxnhbvbicII/+Aw9Jh8ZobYSFFv1daecruC/XLADSADvl7HHrZCArlQxYAHv/ts1HEIfv8xWIcHI+sc5SEn7mGo/K82myxcKCT7V3kq8IeP8jjaA2B5d8Iu4g6m+DsGIyJGJs5uk75iz/w==
U5g3nRVoudwvHu2Q4FHwM6lyMwFF33zgjjFoO6RAAy9XIRJV/cP4OB2ndHaIyNXjDUZ2IzsKv+G8zA9rTqbW36YbEyhGEu4Pvr4fFlj5fLmLnpWFt5Riri+XqkOU8UlO6ZT0Klo7L62K9O99XGA/nzZYb12yzMh9F/Kiub4aMrlt6Zu/Zb4Ndzw0w3RDlFeDJvuNeYLaL+fn8Gy7oIe94Z+z+g==
sHTrdieWblaMG1ZDyiPUd6lyMwFF33zgjjFoO6RAAy9XIRJV/cP4OB2ndHaIyNXjDUZ2IzsKv+G8zA9rTqbW36YbEyhGEu4Pvr4fFlj5fLmLnpWFt5Riri+XqkOU8UlO6ZT0Klo7L62K9O99XGA/nzZYb12yzMh9F/Kiub4aMrlt6Zu/Zb4Ndzw0w3RDlFeDJPqNeYLaL+fn8Gy7oIe94Z+z+g==
NpqwIy80yu7Va2fFTcgAZ6lyMwFF33zgjjFoO6RAAy9XIRJV/cP4OB2ndHaIyNXjDUZ2IzsKv+G8zA9rTqbW36YbEyhGEu4Pvr4fFlj5fLmLnpWFt5Riri+XqkOU8UlO6ZT0Klo7L62K9O99XGA/nzZYb12yzMh9F/Kiub4aMrlt6Zu/Zb4Ndzw0w3RDlFeDLfmNeILaL+fn8Gy7oIe94Z+z+g==
764M7fmDS8VDQRVG3FnhRqlyMwFF33zgjjFoO6RAAy9XIRJV/cP4OB2ndHaIyNXjDUZ2IzsKv+G8zA9rTqbW36YbEyhGEu4Pvr4fFlj5fLmLnpWFt5Riri+XqkOU8UlO6ZT0Klo7L62K9O99XGA/nzZYb12yzMh9F/Kiub4aMrlt6Zu/Zb4Ndzw0w3RDlFeDLfmNe4XaL+fn8Gy7oIe94Z+z+g==
FfQoZqmtpr2nuq/RnLaTL9ZxBDRUhNMTPvbXpuXoh2e1KMmzubLyos5NellMStsIM4Hgq9wXdVOKwMi3CsT/IEgsy/n2ysQzVZ0X5C4YDzQQ6xhYL0/h70248JZUCRApD9aL7dwaT1dsPpE5SIJ30eghK0AqZ/vlxuPnMgkGJfYqlPG7vFbm6Hj27YkPQDHGHuaR0AhJ2Zt7jJ+gs8c=
